<?xml version="1.0" encoding="UTF-8"?>
<!-- Generated by org.testng.reporters.JUnitReportReporter -->
<testsuite hostname="CHANDU" failures="0" tests="3" name="day44.LoginTest" time="0.956" errors="0" timestamp="2024-09-19T17:51:03 IST" skipped="0">
  <testcase classname="day44.LoginTest" name="loginByEmail" time="0.942"/>
  <testcase classname="day44.LoginTest" name="loginByFacebook" time="0.007"/>
  <testcase classname="day44.LoginTest" name="loginBytwitter" time="0.007"/>
</testsuite> <!-- day44.LoginTest -->
